Request URL: https://codeinspector-webhook-3capygpjzq-uc.a.run.app/webhook/github
Request method: POST
Accept: */*
Content-Type: application/json
User-Agent: GitHub-Hookshot/1fd3ecb
X-GitHub-Delivery: b2f7b3c0-c9ca-11f0-9233-d523b3e697d7
X-GitHub-Event: pull_request
X-GitHub-Hook-ID: 582822528
X-GitHub-Hook-Installation-Target-ID: 1103465893
X-GitHub-Hook-Installation-Target-Type: repository
Payload
{
  "action": "opened",
  "number": 10,
  "pull_request": {
    "url": "https://api.github.com/repos/GNANESHKESAVA/build-and-blog/pulls/10",
    "id": 3042528203,
    "node_id": "PR_kwDOQcWNpc61WUvL",
    "html_url": "https://github.com/GNANESHKESAVA/build-and-blog/pull/10",
    "diff_url": "https://github.com/GNANESHKESAVA/build-and-blog/pull/10.diff",
    "patch_url": "https://github.com/GNANESHKESAVA/build-and-blog/pull/10.patch",
    "issue_url": "https://api.github.com/repos/GNANESHKESAVA/build-and-blog/issues/10",
    "number": 10,
    "state": "open",
    "locked": false,
    "title": "New2",
    "user": {
      "login": "GNANESHKESAVA",
      "id": 113758576,
      "node_id": "U_kgDOBsfRcA",
      "avatar_url": "https://avatars.githubusercontent.com/u/113758576?v=4",
      "gravatar_id": "",
      "url": "https://api.github.com/users/GNANESHKESAVA",
      "html_url": "https://github.com/GNANESHKESAVA",
      "followers_url": "https://api.github.com/users/GNANESHKESAVA/followers",
      "following_url": "https://api.github.com/users/GNANESHKESAVA/following{/other_user}",
      "gists_url": "https://api.github.com/users/GNANESHKESAVA/gists{/gist_id}",
      "starred_url": "https://api.github.com/users/GNANESHKESAVA/starred{/owner}{/repo}",
      "subscriptions_url": "https://api.github.com/users/GNANESHKESAVA/subscriptions",
      "organizations_url": "https://api.github.com/users/GNANESHKESAVA/orgs",
      "repos_url": "https://api.github.com/users/GNANESHKESAVA/repos",
      "events_url": "https://api.github.com/users/GNANESHKESAVA/events{/privacy}",
      "received_events_url": "https://api.github.com/users/GNANESHKESAVA/received_events",
      "type": "User",
      "user_view_type": "public",
      "site_admin": false
    },
    "body": null,
    "created_at": "2025-11-25T06:48:06Z",
    "updated_at": "2025-11-25T06:48:06Z",
    "closed_at": null,
    "merged_at": null,
    "merge_commit_sha": null,
    "assignee": null,
    "assignees": [

    ],
    "requested_reviewers": [

    ],
    "requested_teams": [

    ],
    "labels": [

    ],
    "milestone": null,
    "draft": false,
    "commits_url": "https://api.github.com/repos/GNANESHKESAVA/build-and-blog/pulls/10/commits",
    "review_comments_url": "https://api.github.com/repos/GNANESHKESAVA/build-and-blog/pulls/10/comments",
    "review_comment_url": "https://api.github.com/repos/GNANESHKESAVA/build-and-blog/pulls/comments{/number}",
    "comments_url": "https://api.github.com/repos/GNANESHKESAVA/build-and-blog/issues/10/comments",
    "statuses_url": "https://api.github.com/repos/GNANESHKESAVA/build-and-blog/statuses/4d2b540055343728238f8840fb147409b823e861",
    "head": {
      "label": "GNANESHKESAVA:new2",
      "ref": "new2",
      "sha": "4d2b540055343728238f8840fb147409b823e861",
      "user": {
        "login": "GNANESHKESAVA",
        "id": 113758576,
        "node_id": "U_kgDOBsfRcA",
        "avatar_url": "https://avatars.githubusercontent.com/u/113758576?v=4",
        "gravatar_id": "",
        "url": "https://api.github.com/users/GNANESHKESAVA",
        "html_url": "https://github.com/GNANESHKESAVA",
        "followers_url": "https://api.github.com/users/GNANESHKESAVA/followers",
        "following_url": "https://api.github.com/users/GNANESHKESAVA/following{/other_user}",
        "gists_url": "https://api.github.com/users/GNANESHKESAVA/gists{/gist_id}",
        "starred_url": "https://api.github.com/users/GNANESHKESAVA/starred{/owner}{/repo}",
        "subscriptions_url": "https://api.github.com/users/GNANESHKESAVA/subscriptions",
        "organizations_url": "https://api.github.com/users/GNANESHKESAVA/orgs",
        "repos_url": "https://api.github.com/users/GNANESHKESAVA/repos",
        "events_url": "https://api.github.com/users/GNANESHKESAVA/events{/privacy}",
        "received_events_url": "https://api.github.com/users/GNANESHKESAVA/received_events",
        "type": "User",
        "user_view_type": "public",
        "site_admin": false
      },
      "repo": {
        "id": 1103465893,
        "node_id": "R_kgDOQcWNpQ",
        "name": "build-and-blog",
        "full_name": "GNANESHKESAVA/build-and-blog",
        "private": false,
        "owner": {
          "login": "GNANESHKESAVA",
          "id": 113758576,
          "node_id": "U_kgDOBsfRcA",
          "avatar_url": "https://avatars.githubusercontent.com/u/113758576?v=4",
          "gravatar_id": "",
          "url": "https://api.github.com/users/GNANESHKESAVA",
          "html_url": "https://github.com/GNANESHKESAVA",
          "followers_url": "https://api.github.com/users/GNANESHKESAVA/followers",
          "following_url": "https://api.github.com/users/GNANESHKESAVA/following{/other_user}",
          "gists_url": "https://api.github.com/users/GNANESHKESAVA/gists{/gist_id}",
          "starred_url": "https://api.github.com/users/GNANESHKESAVA/starred{/owner}{/repo}",
          "subscriptions_url": "https://api.github.com/users/GNANESHKESAVA/subscriptions",
          "organizations_url": "https://api.github.com/users/GNANESHKESAVA/orgs",
          "repos_url": "https://api.github.com/users/GNANESHKESAVA/repos",
          "events_url": "https://api.github.com/users/GNANESHKESAVA/events{/privacy}",
          "received_events_url": "https://api.github.com/users/GNANESHKESAVA/received_events",
          "type": "User",
          "user_view_type": "public",
          "site_admin": false
        },
        "html_url": "https://github.com/GNANESHKESAVA/build-and-blog",
        "description": null,
        "fork": false,
        "url": "https://api.github.com/repos/GNANESHKESAVA/build-and-blog",
        "forks_url": "https://api.github.com/repos/GNANESHKESAVA/build-and-blog/forks",
        "keys_url": "https://api.github.com/repos/GNANESHKESAVA/build-and-blog/keys{/key_id}",
        "collaborators_url": "https://api.github.com/repos/GNANESHKESAVA/build-and-blog/collaborators{/collaborator}",
        "teams_url": "https://api.github.com/repos/GNANESHKESAVA/build-and-blog/teams",
        "hooks_url": "https://api.github.com/repos/GNANESHKESAVA/build-and-blog/hooks",
        "issue_events_url": "https://api.github.com/repos/GNANESHKESAVA/build-and-blog/issues/events{/number}",
        "events_url": "https://api.github.com/repos/GNANESHKESAVA/build-and-blog/events",
        "assignees_url": "https://api.github.com/repos/GNANESHKESAVA/build-and-blog/assignees{/user}",
        "branches_url": "https://api.github.com/repos/GNANESHKESAVA/build-and-blog/branches{/branch}",
        "tags_url": "https://api.github.com/repos/GNANESHKESAVA/build-and-blog/tags",
        "blobs_url": "https://api.github.com/repos/GNANESHKESAVA/build-and-blog/git/blobs{/sha}",
        "git_tags_url": "https://api.github.com/repos/GNANESHKESAVA/build-and-blog/git/tags{/sha}",
        "git_refs_url": "https://api.github.com/repos/GNANESHKESAVA/build-and-blog/git/refs{/sha}",
        "trees_url": "https://api.github.com/repos/GNANESHKESAVA/build-and-blog/git/trees{/sha}",
        "statuses_url": "https://api.github.com/repos/GNANESHKESAVA/build-and-blog/statuses/{sha}",
        "languages_url": "https://api.github.com/repos/GNANESHKESAVA/build-and-blog/languages",
        "stargazers_url": "https://api.github.com/repos/GNANESHKESAVA/build-and-blog/stargazers",
        "contributors_url": "https://api.github.com/repos/GNANESHKESAVA/build-and-blog/contributors",
        "subscribers_url": "https://api.github.com/repos/GNANESHKESAVA/build-and-blog/subscribers",
        "subscription_url": "https://api.github.com/repos/GNANESHKESAVA/build-and-blog/subscription",
        "commits_url": "https://api.github.com/repos/GNANESHKESAVA/build-and-blog/commits{/sha}",
        "git_commits_url": "https://api.github.com/repos/GNANESHKESAVA/build-and-blog/git/commits{/sha}",
        "comments_url": "https://api.github.com/repos/GNANESHKESAVA/build-and-blog/comments{/number}",
        "issue_comment_url": "https://api.github.com/repos/GNANESHKESAVA/build-and-blog/issues/comments{/number}",
        "contents_url": "https://api.github.com/repos/GNANESHKESAVA/build-and-blog/contents/{+path}",
        "compare_url": "https://api.github.com/repos/GNANESHKESAVA/build-and-blog/compare/{base}...{head}",
        "merges_url": "https://api.github.com/repos/GNANESHKESAVA/build-and-blog/merges",
        "archive_url": "https://api.github.com/repos/GNANESHKESAVA/build-and-blog/{archive_format}{/ref}",
        "downloads_url": "https://api.github.com/repos/GNANESHKESAVA/build-and-blog/downloads",
        "issues_url": "https://api.github.com/repos/GNANESHKESAVA/build-and-blog/issues{/number}",
        "pulls_url": "https://api.github.com/repos/GNANESHKESAVA/build-and-blog/pulls{/number}",
        "milestones_url": "https://api.github.com/repos/GNANESHKESAVA/build-and-blog/milestones{/number}",
        "notifications_url": "https://api.github.com/repos/GNANESHKESAVA/build-and-blog/notifications{?since,all,participating}",
        "labels_url": "https://api.github.com/repos/GNANESHKESAVA/build-and-blog/labels{/name}",
        "releases_url": "https://api.github.com/repos/GNANESHKESAVA/build-and-blog/releases{/id}",
        "deployments_url": "https://api.github.com/repos/GNANESHKESAVA/build-and-blog/deployments",
        "created_at": "2025-11-24T22:59:16Z",
        "updated_at": "2025-11-25T03:11:31Z",
        "pushed_at": "2025-11-25T06:47:51Z",
        "git_url": "git://github.com/GNANESHKESAVA/build-and-blog.git",
        "ssh_url": "git@github.com:GNANESHKESAVA/build-and-blog.git",
        "clone_url": "https://github.com/GNANESHKESAVA/build-and-blog.git",
        "svn_url": "https://github.com/GNANESHKESAVA/build-and-blog",
        "homepage": null,
        "size": 97,
        "stargazers_count": 0,
        "watchers_count": 0,
        "language": "Python",
        "has_issues": true,
        "has_projects": true,
        "has_downloads": true,
        "has_wiki": true,
        "has_pages": false,
        "has_discussions": false,
        "forks_count": 0,
        "mirror_url": null,
        "archived": false,
        "disabled": false,
        "open_issues_count": 1,
        "license": null,
        "allow_forking": true,
        "is_template": false,
        "web_commit_signoff_required": false,
        "topics": [

        ],
        "visibility": "public",
        "forks": 0,
        "open_issues": 1,
        "watchers": 0,
        "default_branch": "main",
        "allow_squash_merge": true,
        "allow_merge_commit": true,
        "allow_rebase_merge": true,
        "allow_auto_merge": false,
        "delete_branch_on_merge": false,
        "allow_update_branch": false,
        "use_squash_pr_title_as_default": false,
        "squash_merge_commit_message": "COMMIT_MESSAGES",
        "squash_merge_commit_title": "COMMIT_OR_PR_TITLE",
        "merge_commit_message": "PR_TITLE",
        "merge_commit_title": "MERGE_MESSAGE"
      }
    },
    "base": {
      "label": "GNANESHKESAVA:main",
      "ref": "main",
      "sha": "979c89ca8bfa79d9e75872a8ae586660fb715e29",
      "user": {
        "login": "GNANESHKESAVA",
        "id": 113758576,
        "node_id": "U_kgDOBsfRcA",
        "avatar_url": "https://avatars.githubusercontent.com/u/113758576?v=4",
        "gravatar_id": "",
        "url": "https://api.github.com/users/GNANESHKESAVA",
        "html_url": "https://github.com/GNANESHKESAVA",
        "followers_url": "https://api.github.com/users/GNANESHKESAVA/followers",
        "following_url": "https://api.github.com/users/GNANESHKESAVA/following{/other_user}",
        "gists_url": "https://api.github.com/users/GNANESHKESAVA/gists{/gist_id}",
        "starred_url": "https://api.github.com/users/GNANESHKESAVA/starred{/owner}{/repo}",
        "subscriptions_url": "https://api.github.com/users/GNANESHKESAVA/subscriptions",
        "organizations_url": "https://api.github.com/users/GNANESHKESAVA/orgs",
        "repos_url": "https://api.github.com/users/GNANESHKESAVA/repos",
        "events_url": "https://api.github.com/users/GNANESHKESAVA/events{/privacy}",
        "received_events_url": "https://api.github.com/users/GNANESHKESAVA/received_events",
        "type": "User",
        "user_view_type": "public",
        "site_admin": false
      },
      "repo": {
        "id": 1103465893,
        "node_id": "R_kgDOQcWNpQ",
        "name": "build-and-blog",
        "full_name": "GNANESHKESAVA/build-and-blog",
        "private": false,
        "owner": {
          "login": "GNANESHKESAVA",
          "id": 113758576,
          "node_id": "U_kgDOBsfRcA",
          "avatar_url": "https://avatars.githubusercontent.com/u/113758576?v=4",
          "gravatar_id": "",
          "url": "https://api.github.com/users/GNANESHKESAVA",
          "html_url": "https://github.com/GNANESHKESAVA",
          "followers_url": "https://api.github.com/users/GNANESHKESAVA/followers",
          "following_url": "https://api.github.com/users/GNANESHKESAVA/following{/other_user}",
          "gists_url": "https://api.github.com/users/GNANESHKESAVA/gists{/gist_id}",
          "starred_url": "https://api.github.com/users/GNANESHKESAVA/starred{/owner}{/repo}",
          "subscriptions_url": "https://api.github.com/users/GNANESHKESAVA/subscriptions",
          "organizations_url": "https://api.github.com/users/GNANESHKESAVA/orgs",
          "repos_url": "https://api.github.com/users/GNANESHKESAVA/repos",
          "events_url": "https://api.github.com/users/GNANESHKESAVA/events{/privacy}",
          "received_events_url": "https://api.github.com/users/GNANESHKESAVA/received_events",
          "type": "User",
          "user_view_type": "public",
          "site_admin": false
        },
        "html_url": "https://github.com/GNANESHKESAVA/build-and-blog",
        "description": null,
        "fork": false,
        "url": "https://api.github.com/repos/GNANESHKESAVA/build-and-blog",
        "forks_url": "https://api.github.com/repos/GNANESHKESAVA/build-and-blog/forks",
        "keys_url": "https://api.github.com/repos/GNANESHKESAVA/build-and-blog/keys{/key_id}",
        "collaborators_url": "https://api.github.com/repos/GNANESHKESAVA/build-and-blog/collaborators{/collaborator}",
        "teams_url": "https://api.github.com/repos/GNANESHKESAVA/build-and-blog/teams",
        "hooks_url": "https://api.github.com/repos/GNANESHKESAVA/build-and-blog/hooks",
        "issue_events_url": "https://api.github.com/repos/GNANESHKESAVA/build-and-blog/issues/events{/number}",
        "events_url": "https://api.github.com/repos/GNANESHKESAVA/build-and-blog/events",
        "assignees_url": "https://api.github.com/repos/GNANESHKESAVA/build-and-blog/assignees{/user}",
        "branches_url": "https://api.github.com/repos/GNANESHKESAVA/build-and-blog/branches{/branch}",
        "tags_url": "https://api.github.com/repos/GNANESHKESAVA/build-and-blog/tags",
        "blobs_url": "https://api.github.com/repos/GNANESHKESAVA/build-and-blog/git/blobs{/sha}",
        "git_tags_url": "https://api.github.com/repos/GNANESHKESAVA/build-and-blog/git/tags{/sha}",
        "git_refs_url": "https://api.github.com/repos/GNANESHKESAVA/build-and-blog/git/refs{/sha}",
        "trees_url": "https://api.github.com/repos/GNANESHKESAVA/build-and-blog/git/trees{/sha}",
        "statuses_url": "https://api.github.com/repos/GNANESHKESAVA/build-and-blog/statuses/{sha}",
        "languages_url": "https://api.github.com/repos/GNANESHKESAVA/build-and-blog/languages",
        "stargazers_url": "https://api.github.com/repos/GNANESHKESAVA/build-and-blog/stargazers",
        "contributors_url": "https://api.github.com/repos/GNANESHKESAVA/build-and-blog/contributors",
        "subscribers_url": "https://api.github.com/repos/GNANESHKESAVA/build-and-blog/subscribers",
        "subscription_url": "https://api.github.com/repos/GNANESHKESAVA/build-and-blog/subscription",
        "commits_url": "https://api.github.com/repos/GNANESHKESAVA/build-and-blog/commits{/sha}",
        "git_commits_url": "https://api.github.com/repos/GNANESHKESAVA/build-and-blog/git/commits{/sha}",
        "comments_url": "https://api.github.com/repos/GNANESHKESAVA/build-and-blog/comments{/number}",
        "issue_comment_url": "https://api.github.com/repos/GNANESHKESAVA/build-and-blog/issues/comments{/number}",
        "contents_url": "https://api.github.com/repos/GNANESHKESAVA/build-and-blog/contents/{+path}",
        "compare_url": "https://api.github.com/repos/GNANESHKESAVA/build-and-blog/compare/{base}...{head}",
        "merges_url": "https://api.github.com/repos/GNANESHKESAVA/build-and-blog/merges",
        "archive_url": "https://api.github.com/repos/GNANESHKESAVA/build-and-blog/{archive_format}{/ref}",
        "downloads_url": "https://api.github.com/repos/GNANESHKESAVA/build-and-blog/downloads",
        "issues_url": "https://api.github.com/repos/GNANESHKESAVA/build-and-blog/issues{/number}",
        "pulls_url": "https://api.github.com/repos/GNANESHKESAVA/build-and-blog/pulls{/number}",
        "milestones_url": "https://api.github.com/repos/GNANESHKESAVA/build-and-blog/milestones{/number}",
        "notifications_url": "https://api.github.com/repos/GNANESHKESAVA/build-and-blog/notifications{?since,all,participating}",
        "labels_url": "https://api.github.com/repos/GNANESHKESAVA/build-and-blog/labels{/name}",
        "releases_url": "https://api.github.com/repos/GNANESHKESAVA/build-and-blog/releases{/id}",
        "deployments_url": "https://api.github.com/repos/GNANESHKESAVA/build-and-blog/deployments",
        "created_at": "2025-11-24T22:59:16Z",
        "updated_at": "2025-11-25T03:11:31Z",
        "pushed_at": "2025-11-25T06:47:51Z",
        "git_url": "git://github.com/GNANESHKESAVA/build-and-blog.git",
        "ssh_url": "git@github.com:GNANESHKESAVA/build-and-blog.git",
        "clone_url": "https://github.com/GNANESHKESAVA/build-and-blog.git",
        "svn_url": "https://github.com/GNANESHKESAVA/build-and-blog",
        "homepage": null,
        "size": 97,
        "stargazers_count": 0,
        "watchers_count": 0,
        "language": "Python",
        "has_issues": true,
        "has_projects": true,
        "has_downloads": true,
        "has_wiki": true,
        "has_pages": false,
        "has_discussions": false,
        "forks_count": 0,
        "mirror_url": null,
        "archived": false,
        "disabled": false,
        "open_issues_count": 1,
        "license": null,
        "allow_forking": true,
        "is_template": false,
        "web_commit_signoff_required": false,
        "topics": [

        ],
        "visibility": "public",
        "forks": 0,
        "open_issues": 1,
        "watchers": 0,
        "default_branch": "main",
        "allow_squash_merge": true,
        "allow_merge_commit": true,
        "allow_rebase_merge": true,
        "allow_auto_merge": false,
        "delete_branch_on_merge": false,
        "allow_update_branch": false,
        "use_squash_pr_title_as_default": false,
        "squash_merge_commit_message": "COMMIT_MESSAGES",
        "squash_merge_commit_title": "COMMIT_OR_PR_TITLE",
        "merge_commit_message": "PR_TITLE",
        "merge_commit_title": "MERGE_MESSAGE"
      }
    },
    "_links": {
      "self": {
        "href": "https://api.github.com/repos/GNANESHKESAVA/build-and-blog/pulls/10"
      },
      "html": {
        "href": "https://github.com/GNANESHKESAVA/build-and-blog/pull/10"
      },
      "issue": {
        "href": "https://api.github.com/repos/GNANESHKESAVA/build-and-blog/issues/10"
      },
      "comments": {
        "href": "https://api.github.com/repos/GNANESHKESAVA/build-and-blog/issues/10/comments"
      },
      "review_comments": {
        "href": "https://api.github.com/repos/GNANESHKESAVA/build-and-blog/pulls/10/comments"
      },
      "review_comment": {
        "href": "https://api.github.com/repos/GNANESHKESAVA/build-and-blog/pulls/comments{/number}"
      },
      "commits": {
        "href": "https://api.github.com/repos/GNANESHKESAVA/build-and-blog/pulls/10/commits"
      },
      "statuses": {
        "href": "https://api.github.com/repos/GNANESHKESAVA/build-and-blog/statuses/4d2b540055343728238f8840fb147409b823e861"
      }
    },
    "author_association": "OWNER",
    "auto_merge": null,
    "active_lock_reason": null,
    "merged": false,
    "mergeable": null,
    "rebaseable": null,
    "mergeable_state": "unknown",
    "merged_by": null,
    "comments": 0,
    "review_comments": 0,
    "maintainer_can_modify": false,
    "commits": 2,
    "additions": 3,
    "deletions": 2,
    "changed_files": 2
  },
  "repository": {
    "id": 1103465893,
    "node_id": "R_kgDOQcWNpQ",
    "name": "build-and-blog",
    "full_name": "GNANESHKESAVA/build-and-blog",
    "private": false,
    "owner": {
      "login": "GNANESHKESAVA",
      "id": 113758576,
      "node_id": "U_kgDOBsfRcA",
      "avatar_url": "https://avatars.githubusercontent.com/u/113758576?v=4",
      "gravatar_id": "",
      "url": "https://api.github.com/users/GNANESHKESAVA",
      "html_url": "https://github.com/GNANESHKESAVA",
      "followers_url": "https://api.github.com/users/GNANESHKESAVA/followers",
      "following_url": "https://api.github.com/users/GNANESHKESAVA/following{/other_user}",
      "gists_url": "https://api.github.com/users/GNANESHKESAVA/gists{/gist_id}",
      "starred_url": "https://api.github.com/users/GNANESHKESAVA/starred{/owner}{/repo}",
      "subscriptions_url": "https://api.github.com/users/GNANESHKESAVA/subscriptions",
      "organizations_url": "https://api.github.com/users/GNANESHKESAVA/orgs",
      "repos_url": "https://api.github.com/users/GNANESHKESAVA/repos",
      "events_url": "https://api.github.com/users/GNANESHKESAVA/events{/privacy}",
      "received_events_url": "https://api.github.com/users/GNANESHKESAVA/received_events",
      "type": "User",
      "user_view_type": "public",
      "site_admin": false
    },
    "html_url": "https://github.com/GNANESHKESAVA/build-and-blog",
    "description": null,
    "fork": false,
    "url": "https://api.github.com/repos/GNANESHKESAVA/build-and-blog",
    "forks_url": "https://api.github.com/repos/GNANESHKESAVA/build-and-blog/forks",
    "keys_url": "https://api.github.com/repos/GNANESHKESAVA/build-and-blog/keys{/key_id}",
    "collaborators_url": "https://api.github.com/repos/GNANESHKESAVA/build-and-blog/collaborators{/collaborator}",
    "teams_url": "https://api.github.com/repos/GNANESHKESAVA/build-and-blog/teams",
    "hooks_url": "https://api.github.com/repos/GNANESHKESAVA/build-and-blog/hooks",
    "issue_events_url": "https://api.github.com/repos/GNANESHKESAVA/build-and-blog/issues/events{/number}",
    "events_url": "https://api.github.com/repos/GNANESHKESAVA/build-and-blog/events",
    "assignees_url": "https://api.github.com/repos/GNANESHKESAVA/build-and-blog/assignees{/user}",
    "branches_url": "https://api.github.com/repos/GNANESHKESAVA/build-and-blog/branches{/branch}",
    "tags_url": "https://api.github.com/repos/GNANESHKESAVA/build-and-blog/tags",
    "blobs_url": "https://api.github.com/repos/GNANESHKESAVA/build-and-blog/git/blobs{/sha}",
    "git_tags_url": "https://api.github.com/repos/GNANESHKESAVA/build-and-blog/git/tags{/sha}",
    "git_refs_url": "https://api.github.com/repos/GNANESHKESAVA/build-and-blog/git/refs{/sha}",
    "trees_url": "https://api.github.com/repos/GNANESHKESAVA/build-and-blog/git/trees{/sha}",
    "statuses_url": "https://api.github.com/repos/GNANESHKESAVA/build-and-blog/statuses/{sha}",
    "languages_url": "https://api.github.com/repos/GNANESHKESAVA/build-and-blog/languages",
    "stargazers_url": "https://api.github.com/repos/GNANESHKESAVA/build-and-blog/stargazers",
    "contributors_url": "https://api.github.com/repos/GNANESHKESAVA/build-and-blog/contributors",
    "subscribers_url": "https://api.github.com/repos/GNANESHKESAVA/build-and-blog/subscribers",
    "subscription_url": "https://api.github.com/repos/GNANESHKESAVA/build-and-blog/subscription",
    "commits_url": "https://api.github.com/repos/GNANESHKESAVA/build-and-blog/commits{/sha}",
    "git_commits_url": "https://api.github.com/repos/GNANESHKESAVA/build-and-blog/git/commits{/sha}",
    "comments_url": "https://api.github.com/repos/GNANESHKESAVA/build-and-blog/comments{/number}",
    "issue_comment_url": "https://api.github.com/repos/GNANESHKESAVA/build-and-blog/issues/comments{/number}",
    "contents_url": "https://api.github.com/repos/GNANESHKESAVA/build-and-blog/contents/{+path}",
    "compare_url": "https://api.github.com/repos/GNANESHKESAVA/build-and-blog/compare/{base}...{head}",
    "merges_url": "https://api.github.com/repos/GNANESHKESAVA/build-and-blog/merges",
    "archive_url": "https://api.github.com/repos/GNANESHKESAVA/build-and-blog/{archive_format}{/ref}",
    "downloads_url": "https://api.github.com/repos/GNANESHKESAVA/build-and-blog/downloads",
    "issues_url": "https://api.github.com/repos/GNANESHKESAVA/build-and-blog/issues{/number}",
    "pulls_url": "https://api.github.com/repos/GNANESHKESAVA/build-and-blog/pulls{/number}",
    "milestones_url": "https://api.github.com/repos/GNANESHKESAVA/build-and-blog/milestones{/number}",
    "notifications_url": "https://api.github.com/repos/GNANESHKESAVA/build-and-blog/notifications{?since,all,participating}",
    "labels_url": "https://api.github.com/repos/GNANESHKESAVA/build-and-blog/labels{/name}",
    "releases_url": "https://api.github.com/repos/GNANESHKESAVA/build-and-blog/releases{/id}",
    "deployments_url": "https://api.github.com/repos/GNANESHKESAVA/build-and-blog/deployments",
    "created_at": "2025-11-24T22:59:16Z",
    "updated_at": "2025-11-25T03:11:31Z",
    "pushed_at": "2025-11-25T06:47:51Z",
    "git_url": "git://github.com/GNANESHKESAVA/build-and-blog.git",
    "ssh_url": "git@github.com:GNANESHKESAVA/build-and-blog.git",
    "clone_url": "https://github.com/GNANESHKESAVA/build-and-blog.git",
    "svn_url": "https://github.com/GNANESHKESAVA/build-and-blog",
    "homepage": null,
    "size": 97,
    "stargazers_count": 0,
    "watchers_count": 0,
    "language": "Python",
    "has_issues": true,
    "has_projects": true,
    "has_downloads": true,
    "has_wiki": true,
    "has_pages": false,
    "has_discussions": false,
    "forks_count": 0,
    "mirror_url": null,
    "archived": false,
    "disabled": false,
    "open_issues_count": 1,
    "license": null,
    "allow_forking": true,
    "is_template": false,
    "web_commit_signoff_required": false,
    "topics": [

    ],
    "visibility": "public",
    "forks": 0,
    "open_issues": 1,
    "watchers": 0,
    "default_branch": "main"
  },
  "sender": {
    "login": "GNANESHKESAVA",
    "id": 113758576,
    "node_id": "U_kgDOBsfRcA",
    "avatar_url": "https://avatars.githubusercontent.com/u/113758576?v=4",
    "gravatar_id": "",
    "url": "https://api.github.com/users/GNANESHKESAVA",
    "html_url": "https://github.com/GNANESHKESAVA",
    "followers_url": "https://api.github.com/users/GNANESHKESAVA/followers",
    "following_url": "https://api.github.com/users/GNANESHKESAVA/following{/other_user}",
    "gists_url": "https://api.github.com/users/GNANESHKESAVA/gists{/gist_id}",
    "starred_url": "https://api.github.com/users/GNANESHKESAVA/starred{/owner}{/repo}",
    "subscriptions_url": "https://api.github.com/users/GNANESHKESAVA/subscriptions",
    "organizations_url": "https://api.github.com/users/GNANESHKESAVA/orgs",
    "repos_url": "https://api.github.com/users/GNANESHKESAVA/repos",
    "events_url": "https://api.github.com/users/GNANESHKESAVA/events{/privacy}",
    "received_events_url": "https://api.github.com/users/GNANESHKESAVA/received_events",
    "type": "User",
    "user_view_type": "public",
    "site_admin": false
  }
}

Headers
Alt-Svc: h3=":443"; ma=2592000,h3-29=":443"; ma=2592000
Content-Length: 60
Content-Type: application/json
Date: Tue, 25 Nov 2025 06:48:12 GMT
Server: Google Frontend
X-Cloud-Trace-Context: ddd367395b821fc0876ecd68f89aa55e;o=1
Body
{"error":"not enough values to unpack (expected 4, got 3)"}